Base path: C:/Program Files (x86)/Unity_4.6/Editor/Data
Pipe name: \\.\pipe\UnityShaderCompiler-2-4444
Cmd: getPlatforms
Cmd: compileSnippet
  api=9 type=0 insize=986 outsize=721 kw= ok=1
Cmd: compileSnippet
  api=9 type=1 insize=1203 outsize=7 kw= ok=1
Cmd: compileSnippet
  api=9 type=0 insize=1274 outsize=1049 kw= ok=1
Cmd: compileSnippet
  api=9 type=0 insize=1260 outsize=1339 kw= ok=1
Cmd: compileSnippet
  api=9 type=0 insize=1222 outsize=1116 kw= ok=1
Cmd: compileSnippet
  api=9 type=1 insize=1222 outsize=7 kw= ok=1
Cmd: compileSnippet
  api=9 type=0 insize=1218 outsize=1116 kw= ok=1
Cmd: compileSnippet
  api=9 type=0 insize=1277 outsize=1033 kw= ok=1
Cmd: compileSnippet
  api=9 type=0 insize=1333 outsize=1049 kw= ok=1
Cmd: compileSnippet
  api=9 type=0 insize=956 outsize=793 kw= ok=1
Cmd: compileSnippet
  api=9 type=1 insize=956 outsize=7 kw= ok=1
Cmd: compileSnippet
  api=9 type=1 insize=942 outsize=7 kw= ok=1
Unhandled exception: Readfile from pipe failed. GLE=The pipe has been ended.


Quitting shader compiler process
